<?xml version="1.0" encoding="UTF-8"?>
<testsuite xmlns:xsi="http://www.w3.org/2001/XMLSchema-instance" xsi:noNamespaceSchemaLocation="https://maven.apache.org/surefire/maven-surefire-plugin/xsd/surefire-test-report.xsd" name="macrocicloTests2.MacrocicloTests2" time="0.653" tests="6" errors="0" skipped="0" failures="0">
  <properties>
    <property name="java.specification.version" value="17"/>
    <property name="sun.cpu.isalist" value="amd64"/>
    <property name="sun.jnu.encoding" value="Cp1252"/>
    <property name="java.class.path" value="C:\Users\x11_r\OneDrive\Documentos\Macrociclos\MacrocicloPersistencia6\target\test-classes;C:\Users\x11_r\OneDrive\Documentos\Macrociclos\MacrocicloPersistencia6\target\classes;C:\Users\x11_r\.m2\repository\org\mongodb\mongodb-driver\3.10.2\mongodb-driver-3.10.2.jar;C:\Users\x11_r\.m2\repository\org\mongodb\bson\3.10.2\bson-3.10.2.jar;C:\Users\x11_r\.m2\repository\org\mongodb\mongodb-driver-core\3.10.2\mongodb-driver-core-3.10.2.jar;C:\Users\x11_r\.m2\repository\junit\junit\4.12\junit-4.12.jar;C:\Users\x11_r\.m2\repository\org\hamcrest\hamcrest-core\1.3\hamcrest-core-1.3.jar;C:\Users\x11_r\.m2\repository\org\hamcrest\hamcrest\2.2\hamcrest-2.2.jar;C:\Users\x11_r\OneDrive\Documentos\Macrociclos\MacrocicloDominio4\target\classes;C:\Users\x11_r\.m2\repository\org\mockito\mockito-core\4.8.1\mockito-core-4.8.1.jar;C:\Users\x11_r\.m2\repository\net\bytebuddy\byte-buddy\1.12.16\byte-buddy-1.12.16.jar;C:\Users\x11_r\.m2\repository\net\bytebuddy\byte-buddy-agent\1.12.16\byte-buddy-agent-1.12.16.jar;C:\Users\x11_r\.m2\repository\org\objenesis\objenesis\3.2\objenesis-3.2.jar;"/>
    <property name="java.vm.vendor" value="Oracle Corporation"/>
    <property name="sun.arch.data.model" value="64"/>
    <property name="user.variant" value=""/>
    <property name="java.vendor.url" value="https://java.oracle.com/"/>
    <property name="user.timezone" value="America/Hermosillo"/>
    <property name="os.name" value="Windows 10"/>
    <property name="java.vm.specification.version" value="17"/>
    <property name="user.country" value="MX"/>
    <property name="sun.java.launcher" value="SUN_STANDARD"/>
    <property name="sun.boot.library.path" value="C:\Program Files\Java\jdk-17\bin"/>
    <property name="sun.java.command" value="C:\Users\x11_r\AppData\Local\Temp\surefire11680520254682025170\surefirebooter11173635595047030640.jar C:\Users\x11_r\AppData\Local\Temp\surefire11680520254682025170 2023-12-05T23-34-49_423-jvmRun1 surefire18364398216660009596tmp surefire_013843459203620345152tmp"/>
    <property name="jdk.debug" value="release"/>
    <property name="test" value="macrocicloTests2.MacrocicloTests2"/>
    <property name="surefire.test.class.path" value="C:\Users\x11_r\OneDrive\Documentos\Macrociclos\MacrocicloPersistencia6\target\test-classes;C:\Users\x11_r\OneDrive\Documentos\Macrociclos\MacrocicloPersistencia6\target\classes;C:\Users\x11_r\.m2\repository\org\mongodb\mongodb-driver\3.10.2\mongodb-driver-3.10.2.jar;C:\Users\x11_r\.m2\repository\org\mongodb\bson\3.10.2\bson-3.10.2.jar;C:\Users\x11_r\.m2\repository\org\mongodb\mongodb-driver-core\3.10.2\mongodb-driver-core-3.10.2.jar;C:\Users\x11_r\.m2\repository\junit\junit\4.12\junit-4.12.jar;C:\Users\x11_r\.m2\repository\org\hamcrest\hamcrest-core\1.3\hamcrest-core-1.3.jar;C:\Users\x11_r\.m2\repository\org\hamcrest\hamcrest\2.2\hamcrest-2.2.jar;C:\Users\x11_r\OneDrive\Documentos\Macrociclos\MacrocicloDominio4\target\classes;C:\Users\x11_r\.m2\repository\org\mockito\mockito-core\4.8.1\mockito-core-4.8.1.jar;C:\Users\x11_r\.m2\repository\net\bytebuddy\byte-buddy\1.12.16\byte-buddy-1.12.16.jar;C:\Users\x11_r\.m2\repository\net\bytebuddy\byte-buddy-agent\1.12.16\byte-buddy-agent-1.12.16.jar;C:\Users\x11_r\.m2\repository\org\objenesis\objenesis\3.2\objenesis-3.2.jar;"/>
    <property name="sun.cpu.endian" value="little"/>
    <property name="user.home" value="C:\Users\x11_r"/>
    <property name="user.language" value="es"/>
    <property name="java.specification.vendor" value="Oracle Corporation"/>
    <property name="java.version.date" value="2023-10-17"/>
    <property name="java.home" value="C:\Program Files\Java\jdk-17"/>
    <property name="file.separator" value="\"/>
    <property name="basedir" value="C:\Users\x11_r\OneDrive\Documentos\Macrociclos\MacrocicloPersistencia6"/>
    <property name="java.vm.compressedOopsMode" value="32-bit"/>
    <property name="line.separator" value="&#10;"/>
    <property name="java.vm.specification.vendor" value="Oracle Corporation"/>
    <property name="java.specification.name" value="Java Platform API Specification"/>
    <property name="surefire.real.class.path" value="C:\Users\x11_r\AppData\Local\Temp\surefire11680520254682025170\surefirebooter11173635595047030640.jar"/>
    <property name="user.script" value=""/>
    <property name="sun.management.compiler" value="HotSpot 64-Bit Tiered Compilers"/>
    <property name="java.runtime.version" value="17.0.9+11-LTS-201"/>
    <property name="user.name" value="x11_r"/>
    <property name="path.separator" value=";"/>
    <property name="os.version" value="10.0"/>
    <property name="java.runtime.name" value="Java(TM) SE Runtime Environment"/>
    <property name="file.encoding" value="UTF-8"/>
    <property name="java.vm.name" value="Java HotSpot(TM) 64-Bit Server VM"/>
    <property name="maven.ext.class.path" value="C:\Program Files\NetBeans-17\netbeans\java\maven-nblib\netbeans-eventspy.jar;C:\Program Files\NetBeans-17\netbeans\java\maven-nblib\netbeans-cos.jar"/>
    <property name="localRepository" value="C:\Users\x11_r\.m2\repository"/>
    <property name="java.vendor.url.bug" value="https://bugreport.java.com/bugreport/"/>
    <property name="java.io.tmpdir" value="C:\Users\x11_r\AppData\Local\Temp\"/>
    <property name="java.version" value="17.0.9"/>
    <property name="user.dir" value="C:\Users\x11_r\OneDrive\Documentos\Macrociclos\MacrocicloPersistencia6"/>
    <property name="os.arch" value="amd64"/>
    <property name="java.vm.specification.name" value="Java Virtual Machine Specification"/>
    <property name="sun.os.patch.level" value=""/>
    <property name="native.encoding" value="Cp1252"/>
    <property name="java.library.path" value="C:\Program Files\Java\jdk-17\bin;C:\Windows\Sun\Java\bin;C:\Windows\system32;C:\Windows;C:\Program Files\Common Files\Oracle\Java\javapath;C:\Program Files (x86)\Common Files\Oracle\Java\javapath;C:\ProgramData\Oracle\Java\javapath;C:\Windows\system32;C:\Windows;C:\Windows\System32\Wbem;C:\Windows\System32\WindowsPowerShell\v1.0\;C:\Windows\System32\OpenSSH\;C:\Program Files\Git\cmd;C:\Program Files\nodejs\;C:\ProgramData\chocolatey\bin;C:\Program Files\MySQL\MySQL Shell 8.0\bin\;C:\Users\x11_r\AppData\Local\Microsoft\WindowsApps;;C:\Users\x11_r\AppData\Local\Programs\Microsoft VS Code\bin;C:\Users\x11_r\AppData\Roaming\npm;."/>
    <property name="java.vm.info" value="mixed mode, sharing"/>
    <property name="java.vendor" value="Oracle Corporation"/>
    <property name="java.vm.version" value="17.0.9+11-LTS-201"/>
    <property name="sun.io.unicode.encoding" value="UnicodeLittle"/>
    <property name="java.class.version" value="61.0"/>
  </properties>
  <testcase name="actualizarMacrocicloTest" classname="macrocicloTests2.MacrocicloTests2" time="0.584"/>
  <testcase name="crearMacrocicloNullTest" classname="macrocicloTests2.MacrocicloTests2" time="0"/>
  <testcase name="registrarMacrocicloTest" classname="macrocicloTests2.MacrocicloTests2" time="0.001"/>
  <testcase name="actualizarMacrocicloNullTest" classname="macrocicloTests2.MacrocicloTests2" time="0.001"/>
  <testcase name="validarMacrocicloExistente" classname="macrocicloTests2.MacrocicloTests2" time="0"/>
  <testcase name="actualizarMacrocicloInexistenteTest" classname="macrocicloTests2.MacrocicloTests2" time="0"/>
</testsuite>